<?xml version="1.0" encoding="UTF-8"?>
<!-- Generated by org.testng.reporters.JUnitReportReporter -->
<testsuite hostname="LAPTOP-INCQFG99" failures="0" tests="1" name="Vtiger.practice.SampleTETNGTest_4" time="0.011" errors="0" timestamp="2023-01-10T17:45:06 IST" skipped="0">
  <testcase classname="Vtiger.practice.SampleTETNGTest_4" name="run" time="0.011"/>
  <system-out/>
</testsuite> <!-- Vtiger.practice.SampleTETNGTest_4 -->
