<?xml version="1.0" encoding="UTF-8"?>
<!-- Generated by org.testng.reporters.JUnitReportReporter -->
<testsuite hostname="LAPTOP-INCQFG99" failures="0" tests="6" name="Vtiger.practice.PracticeNg" time="0.021" errors="0" timestamp="2023-01-12T17:20:32 IST" skipped="0">
  <testcase classname="Vtiger.practice.PracticeNg" name="update" time="0.001"/>
  <system-out/>
  <testcase classname="Vtiger.practice.PracticeNg" name="delete" time="0.001"/>
  <system-out/>
  <testcase classname="Vtiger.practice.PracticeNg" name="delete" time="0.001"/>
  <system-out/>
  <testcase classname="Vtiger.practice.PracticeNg" name="create" time="0.001"/>
  <system-out/>
  <testcase classname="Vtiger.practice.PracticeNg" name="delete" time="0.001"/>
  <system-out/>
  <testcase classname="Vtiger.practice.PracticeNg" name="delete" time="0.016"/>
  <system-out/>
</testsuite> <!-- Vtiger.practice.PracticeNg -->
