<?xml version="1.0" encoding="UTF-8"?>
<!-- Generated by org.testng.reporters.JUnitReportReporter -->
<testsuite hostname="LAPTOP-INCQFG99" failures="0" tests="3" name="Vtiger.practice.DirrentAnnotationPractice" time="0.012" errors="0" timestamp="2023-01-09T16:28:11 IST" skipped="0">
  <testcase classname="Vtiger.practice.DirrentAnnotationPractice" name="createcon" time="0.007"/>
  <system-out/>
  <testcase classname="Vtiger.practice.DirrentAnnotationPractice" name="createopp" time="0.002"/>
  <system-out/>
  <testcase classname="Vtiger.practice.DirrentAnnotationPractice" name="tm" time="0.003"/>
  <system-out/>
</testsuite> <!-- Vtiger.practice.DirrentAnnotationPractice -->
