<?xml version="1.0" encoding="UTF-8"?>
<!-- Generated by org.testng.reporters.JUnitReportReporter -->
<testsuite hostname="LAPTOP-INCQFG99" failures="0" tests="1" name="contactModule.CreateContactNGTest" time="9.394" errors="0" timestamp="2023-01-10T10:44:22 IST" skipped="0">
  <testcase classname="contactModule.CreateContactNGTest" name="createcont" time="9.394"/>
  <system-out/>
</testsuite> <!-- contactModule.CreateContactNGTest -->
