<?xml version="1.0" encoding="UTF-8"?>
<!-- Generated by org.testng.reporters.JUnitReportReporter -->
<testsuite hostname="LAPTOP-INCQFG99" failures="0" tests="4" name="Vtiger.practice.DataProviderreadDataFromExcel" time="0.011" errors="0" timestamp="2023-01-09T12:34:05 IST" skipped="0">
  <testcase classname="Vtiger.practice.DataProviderreadDataFromExcel" name="getdata" time="0.000"/>
  <system-out/>
  <testcase classname="Vtiger.practice.DataProviderreadDataFromExcel" name="getdata" time="0.010"/>
  <system-out/>
  <testcase classname="Vtiger.practice.DataProviderreadDataFromExcel" name="getdata" time="0.001"/>
  <system-out/>
  <testcase classname="Vtiger.practice.DataProviderreadDataFromExcel" name="getdata" time="0.000"/>
  <system-out/>
</testsuite> <!-- Vtiger.practice.DataProviderreadDataFromExcel -->
