<?xml version="1.0" encoding="UTF-8"?>
<!-- Generated by org.testng.reporters.JUnitReportReporter -->
<testsuite hostname="LAPTOP-INCQFG99" failures="0" tests="2" name="Vtiger.practice.DataProviderPractice" time="0.009" errors="0" timestamp="2023-01-09T10:53:30 IST" skipped="0">
  <testcase classname="Vtiger.practice.DataProviderPractice" name="travel" time="0.001"/>
  <system-out/>
  <testcase classname="Vtiger.practice.DataProviderPractice" name="travel" time="0.008"/>
  <system-out/>
</testsuite> <!-- Vtiger.practice.DataProviderPractice -->
