<?xml version="1.0" encoding="UTF-8"?>
<!-- Generated by org.testng.reporters.JUnitReportReporter -->
<testsuite hostname="LAPTOP-INCQFG99" failures="0" tests="2" name="Vtiger.practice.SampleTESTNGTest_3" time="0.002" errors="0" timestamp="2023-01-10T17:45:06 IST" skipped="0">
  <testcase classname="Vtiger.practice.SampleTESTNGTest_3" name="run" time="0.001"/>
  <system-out/>
  <testcase classname="Vtiger.practice.SampleTESTNGTest_3" name="test" time="0.001"/>
  <system-out/>
</testsuite> <!-- Vtiger.practice.SampleTESTNGTest_3 -->
