<?xml version="1.0" encoding="UTF-8"?>
<!-- Generated by org.testng.reporters.JUnitReportReporter -->
<testsuite hostname="LAPTOP-INCQFG99" failures="0" tests="3" name="organizationModule.CreateOrganizationTestNGTest" time="44.337" errors="0" timestamp="2023-01-19T15:51:38 IST" skipped="0">
  <testcase classname="organizationModule.CreateOrganizationTestNGTest" name="demo1" time="9.397"/>
  <system-out/>
  <testcase classname="organizationModule.CreateOrganizationTestNGTest" name="orgcreate" time="26.125"/>
  <system-out/>
  <testcase classname="organizationModule.CreateOrganizationTestNGTest" name="demo2" time="8.815"/>
  <system-out/>
</testsuite> <!-- organizationModule.CreateOrganizationTestNGTest -->
